<?xml version="1.0" encoding="UTF-8"?>
<!-- Generated by org.testng.reporters.JUnitXMLReporter -->
<testsuite ignored="15" hostname="AHS-LP-328" failures="1" tests="9" name="Test" time="137.48" errors="0" timestamp="2022-05-17T01:34:58 IST">
  <testcase classname="com.testcases.Indexpagetest" name="verifyTitle" time="0.051"/>
  <testcase classname="com.testcases.Indexpagetest" name="verifylogo" time="0.554"/>
  <testcase classname="com.testcases.HomePageTest" name="verifyOrderHistory" time="9.328"/>
  <testcase classname="com.testcases.HomePageTest" name="verifyWhishList" time="9.502"/>
  <testcase classname="com.testcases.SearchResultsTest" name="verifySearchProduct" time="5.133"/>
  <testcase classname="com.testcases.LoginPageTest" name="login" time="8.01">
    <skipped/>
  </testcase> <!-- login -->
  <testcase classname="com.testcases.LoginPageTest" name="login" time="6.192">
    <skipped/>
  </testcase> <!-- login -->
  <testcase classname="com.testcases.LoginPageTest" name="login" time="13.16">
    <skipped/>
  </testcase> <!-- login -->
  <testcase classname="com.testcases.LoginPageTest" name="login" time="14.595">
    <failure type="java.lang.AssertionError" message="expected [true] but found [false]">
      <![CDATA[java.lang.AssertionError: expected [true] but found [false]
at com.testcases.LoginPageTest.login(LoginPageTest.java:53)
at java.base/java.util.concurrent.ThreadPoolExecutor.runWorker(ThreadPoolExecutor.java:1136)
at java.base/java.util.concurrent.ThreadPoolExecutor$Worker.run(ThreadPoolExecutor.java:635)
at java.base/java.lang.Thread.run(Thread.java:833)
... Removed 18 stack frames]]>
    </failure>
  </testcase> <!-- login -->
  <testcase classname="com.baseclass.Base" name="@AfterSuite generateReports" time="0.0">
    <ignored/>
  </testcase> <!-- @AfterSuite generateReports -->
  <testcase classname="com.testcases.EndtoEndTest" name="endToendTest" time="0.0">
    <ignored/>
  </testcase> <!-- endToendTest -->
  <testcase classname="com.baseclass.Base" name="@BeforeSuite loadConfig" time="0.0">
    <ignored/>
  </testcase> <!-- @BeforeSuite loadConfig -->
  <testcase classname="com.baseclass.Base" name="@BeforeSuite loadConfig" time="0.0">
    <ignored/>
  </testcase> <!-- @BeforeSuite loadConfig -->
  <testcase classname="com.testcases.AddtoCarttest" name="verifyAddTocart" time="0.0">
    <ignored/>
  </testcase> <!-- verifyAddTocart -->
  <testcase classname="com.baseclass.Base" name="@AfterSuite generateReports" time="0.0">
    <ignored/>
  </testcase> <!-- @AfterSuite generateReports -->
  <testcase classname="com.baseclass.Base" name="@BeforeSuite loadConfig" time="0.0">
    <ignored/>
  </testcase> <!-- @BeforeSuite loadConfig -->
  <testcase classname="com.baseclass.Base" name="@BeforeSuite loadConfig" time="0.0">
    <ignored/>
  </testcase> <!-- @BeforeSuite loadConfig -->
  <testcase classname="com.baseclass.Base" name="@AfterSuite generateReports" time="0.0">
    <ignored/>
  </testcase> <!-- @AfterSuite generateReports -->
  <testcase classname="com.baseclass.Base" name="@AfterSuite generateReports" time="0.0">
    <ignored/>
  </testcase> <!-- @AfterSuite generateReports -->
  <testcase classname="com.baseclass.Base" name="@BeforeSuite loadConfig" time="0.0">
    <ignored/>
  </testcase> <!-- @BeforeSuite loadConfig -->
  <testcase classname="com.baseclass.Base" name="@AfterSuite generateReports" time="0.0">
    <ignored/>
  </testcase> <!-- @AfterSuite generateReports -->
  <testcase classname="com.testcases.OrderPageTest" name="verifyOrderPage" time="0.0">
    <ignored/>
  </testcase> <!-- verifyOrderPage -->
  <testcase classname="com.baseclass.Base" name="@AfterSuite generateReports" time="0.0">
    <ignored/>
  </testcase> <!-- @AfterSuite generateReports -->
  <testcase classname="com.baseclass.Base" name="@BeforeSuite loadConfig" time="0.0">
    <ignored/>
  </testcase> <!-- @BeforeSuite loadConfig -->
</testsuite> <!-- Test -->
