<?xml version="1.0" encoding="UTF-8"?>
<testng-results retried="3" ignored="15" total="24" passed="5" failed="1" skipped="0">
  <reporter-output>
  </reporter-output>
  <suite started-at="2022-05-18T15:38:17 IST" name="Suite" finished-at="2022-05-18T15:41:24 IST" duration-ms="187135">
    <groups>
      <group name="Sanity">
        <method signature="LoginPageTest.login(java.lang.String,java.lang.String)[pri:0, instance:com.testcases.LoginPageTest@1be2019a]" name="login" class="com.testcases.LoginPageTest"/>
      </group> <!-- Sanity -->
      <group name="Smoke">
        <method signature="HomePageTest.verifyOrderHistory()[pri:0, instance:com.testcases.HomePageTest@5db6b9cd]" name="verifyOrderHistory" class="com.testcases.HomePageTest"/>
        <method signature="HomePageTest.verifyWhishList()[pri:0, instance:com.testcases.HomePageTest@5db6b9cd]" name="verifyWhishList" class="com.testcases.HomePageTest"/>
        <method signature="Indexpagetest.verifyTitle()[pri:0, instance:com.testcases.Indexpagetest@6b09fb41]" name="verifyTitle" class="com.testcases.Indexpagetest"/>
        <method signature="Indexpagetest.verifylogo()[pri:0, instance:com.testcases.Indexpagetest@6b09fb41]" name="verifylogo" class="com.testcases.Indexpagetest"/>
        <method signature="LoginPageTest.login(java.lang.String,java.lang.String)[pri:0, instance:com.testcases.LoginPageTest@1be2019a]" name="login" class="com.testcases.LoginPageTest"/>
        <method signature="SearchResultsTest.verifySearchProduct()[pri:0, instance:com.testcases.SearchResultsTest@20b2475a]" name="verifySearchProduct" class="com.testcases.SearchResultsTest"/>
      </group> <!-- Smoke -->
    </groups>
    <test started-at="2022-05-18T15:38:17 IST" name="Test" finished-at="2022-05-18T15:41:24 IST" duration-ms="187135">
      <class name="com.testcases.LoginPageTest">
        <test-method is-config="true" signature="browsersetup(java.lang.String,org.testng.ITestResult,org.testng.ITestContext)[pri:0, instance:com.testcases.LoginPageTest@1be2019a]" started-at="2022-05-18T15:39:02 IST" name="browsersetup" finished-at="2022-05-18T15:39:15 IST" duration-ms="13450" status="PASS">
          <params>
            <param index="0">
              <value>
                <![CDATA[chrome]]>
              </value>
            </param>
            <param index="1">
              <value>
                <![CDATA[[TestResult name={null} status=CREATED method=LoginPageTest.login(java.lang.String,java.lang.String)[pri:0, instance:com.testcases.LoginPageTest@1be2019a] output={null}]]]>
              </value>
            </param>
            <param index="2">
              <value>
                <![CDATA[org.testng.TestRunner@49096b06]]>
              </value>
            </param>
          </params>
          <reporter-output>
          </reporter-output>
        </test-method> <!-- browsersetup -->
        <test-method retried="true" signature="login(java.lang.String,java.lang.String)[pri:0, instance:com.testcases.LoginPageTest@1be2019a]" started-at="2022-05-18T15:39:15 IST" name="login" data-provider="credentials" finished-at="2022-05-18T15:39:47 IST" duration-ms="31261" status="SKIP">
          <params>
            <param index="0">
              <value>
                <![CDATA[admin@xyz.com]]>
              </value>
            </param>
            <param index="1">
              <value>
                <![CDATA[admin@123]]>
              </value>
            </param>
          </params>
          <exception class="java.lang.AssertionError">
            <message>
              <![CDATA[expected [true] but found [false]]]>
            </message>
            <full-stacktrace>
              <![CDATA[java.lang.AssertionError: expected [true] but found [false]
at org.testng.Assert.fail(Assert.java:110)
at org.testng.Assert.failNotEquals(Assert.java:1413)
at org.testng.Assert.assertEqualsImpl(Assert.java:149)
at org.testng.Assert.assertEquals(Assert.java:131)
at org.testng.Assert.assertEquals(Assert.java:976)
at org.testng.Assert.assertEquals(Assert.java:1010)
at com.testcases.LoginPageTest.login(LoginPageTest.java:53)
at java.base/jdk.internal.reflect.NativeMethodAccessorImpl.invoke0(Native Method)
at java.base/jdk.internal.reflect.NativeMethodAccessorImpl.invoke(NativeMethodAccessorImpl.java:77)
at java.base/jdk.internal.reflect.DelegatingMethodAccessorImpl.invoke(DelegatingMethodAccessorImpl.java:43)
at java.base/java.lang.reflect.Method.invoke(Method.java:568)
at org.testng.internal.invokers.MethodInvocationHelper.invokeMethod(MethodInvocationHelper.java:135)
at org.testng.internal.invokers.TestInvoker.invokeMethod(TestInvoker.java:673)
at org.testng.internal.invokers.TestInvoker.invokeTestMethod(TestInvoker.java:220)
at org.testng.internal.invokers.MethodRunner.runInSequence(MethodRunner.java:50)
at org.testng.internal.invokers.TestInvoker$MethodInvocationAgent.invoke(TestInvoker.java:945)
at org.testng.internal.invokers.TestInvoker.invokeTestMethods(TestInvoker.java:193)
at org.testng.internal.invokers.TestMethodWorker.invokeTestMethods(TestMethodWorker.java:146)
at org.testng.internal.invokers.TestMethodWorker.run(TestMethodWorker.java:128)
at java.base/java.util.concurrent.ThreadPoolExecutor.runWorker(ThreadPoolExecutor.java:1136)
at java.base/java.util.concurrent.ThreadPoolExecutor$Worker.run(ThreadPoolExecutor.java:635)
at java.base/java.lang.Thread.run(Thread.java:833)
]]>
            </full-stacktrace>
          </exception> <!-- java.lang.AssertionError -->
          <reporter-output>
          </reporter-output>
        </test-method> <!-- login -->
        <test-method is-config="true" signature="tearDown()[pri:0, instance:com.testcases.LoginPageTest@1be2019a]" started-at="2022-05-18T15:39:47 IST" name="tearDown" finished-at="2022-05-18T15:39:47 IST" duration-ms="243" status="PASS">
          <reporter-output>
          </reporter-output>
        </test-method> <!-- tearDown -->
        <test-method is-config="true" signature="browsersetup(java.lang.String,org.testng.ITestResult,org.testng.ITestContext)[pri:0, instance:com.testcases.LoginPageTest@1be2019a]" started-at="2022-05-18T15:39:47 IST" name="browsersetup" finished-at="2022-05-18T15:40:01 IST" duration-ms="14039" status="PASS">
          <params>
            <param index="0">
              <value>
                <![CDATA[chrome]]>
              </value>
            </param>
            <param index="1">
              <value>
                <![CDATA[[TestResult name={null} status=CREATED method=LoginPageTest.login(java.lang.String,java.lang.String)[pri:0, instance:com.testcases.LoginPageTest@1be2019a] output={null}]]]>
              </value>
            </param>
            <param index="2">
              <value>
                <![CDATA[org.testng.TestRunner@49096b06]]>
              </value>
            </param>
          </params>
          <reporter-output>
          </reporter-output>
        </test-method> <!-- browsersetup -->
        <test-method retried="true" signature="login(java.lang.String,java.lang.String)[pri:0, instance:com.testcases.LoginPageTest@1be2019a]" started-at="2022-05-18T15:40:01 IST" name="login" data-provider="credentials" finished-at="2022-05-18T15:40:17 IST" duration-ms="15750" status="SKIP">
          <params>
            <param index="0">
              <value>
                <![CDATA[admin@xyz.com]]>
              </value>
            </param>
            <param index="1">
              <value>
                <![CDATA[admin@123]]>
              </value>
            </param>
          </params>
          <exception class="java.lang.AssertionError">
            <message>
              <![CDATA[expected [true] but found [false]]]>
            </message>
            <full-stacktrace>
              <![CDATA[java.lang.AssertionError: expected [true] but found [false]
at org.testng.Assert.fail(Assert.java:110)
at org.testng.Assert.failNotEquals(Assert.java:1413)
at org.testng.Assert.assertEqualsImpl(Assert.java:149)
at org.testng.Assert.assertEquals(Assert.java:131)
at org.testng.Assert.assertEquals(Assert.java:976)
at org.testng.Assert.assertEquals(Assert.java:1010)
at com.testcases.LoginPageTest.login(LoginPageTest.java:53)
at java.base/jdk.internal.reflect.NativeMethodAccessorImpl.invoke0(Native Method)
at java.base/jdk.internal.reflect.NativeMethodAccessorImpl.invoke(NativeMethodAccessorImpl.java:77)
at java.base/jdk.internal.reflect.DelegatingMethodAccessorImpl.invoke(DelegatingMethodAccessorImpl.java:43)
at java.base/java.lang.reflect.Method.invoke(Method.java:568)
at org.testng.internal.invokers.MethodInvocationHelper.invokeMethod(MethodInvocationHelper.java:135)
at org.testng.internal.invokers.TestInvoker.invokeMethod(TestInvoker.java:673)
at org.testng.internal.invokers.TestInvoker.retryFailed(TestInvoker.java:262)
at org.testng.internal.invokers.MethodRunner.runInSequence(MethodRunner.java:62)
at org.testng.internal.invokers.TestInvoker$MethodInvocationAgent.invoke(TestInvoker.java:945)
at org.testng.internal.invokers.TestInvoker.invokeTestMethods(TestInvoker.java:193)
at org.testng.internal.invokers.TestMethodWorker.invokeTestMethods(TestMethodWorker.java:146)
at org.testng.internal.invokers.TestMethodWorker.run(TestMethodWorker.java:128)
at java.base/java.util.concurrent.ThreadPoolExecutor.runWorker(ThreadPoolExecutor.java:1136)
at java.base/java.util.concurrent.ThreadPoolExecutor$Worker.run(ThreadPoolExecutor.java:635)
at java.base/java.lang.Thread.run(Thread.java:833)
]]>
            </full-stacktrace>
          </exception> <!-- java.lang.AssertionError -->
          <reporter-output>
          </reporter-output>
        </test-method> <!-- login -->
        <test-method is-config="true" signature="tearDown()[pri:0, instance:com.testcases.LoginPageTest@1be2019a]" started-at="2022-05-18T15:40:17 IST" name="tearDown" finished-at="2022-05-18T15:40:17 IST" duration-ms="313" status="PASS">
          <reporter-output>
          </reporter-output>
        </test-method> <!-- tearDown -->
        <test-method is-config="true" signature="browsersetup(java.lang.String,org.testng.ITestResult,org.testng.ITestContext)[pri:0, instance:com.testcases.LoginPageTest@1be2019a]" started-at="2022-05-18T15:40:17 IST" name="browsersetup" finished-at="2022-05-18T15:40:31 IST" duration-ms="13907" status="PASS">
          <params>
            <param index="0">
              <value>
                <![CDATA[chrome]]>
              </value>
            </param>
            <param index="1">
              <value>
                <![CDATA[[TestResult name={null} status=CREATED method=LoginPageTest.login(java.lang.String,java.lang.String)[pri:0, instance:com.testcases.LoginPageTest@1be2019a] output={null}]]]>
              </value>
            </param>
            <param index="2">
              <value>
                <![CDATA[org.testng.TestRunner@49096b06]]>
              </value>
            </param>
          </params>
          <reporter-output>
          </reporter-output>
        </test-method> <!-- browsersetup -->
        <test-method retried="true" signature="login(java.lang.String,java.lang.String)[pri:0, instance:com.testcases.LoginPageTest@1be2019a]" started-at="2022-05-18T15:40:31 IST" name="login" data-provider="credentials" finished-at="2022-05-18T15:40:41 IST" duration-ms="10194" status="SKIP">
          <params>
            <param index="0">
              <value>
                <![CDATA[admin@xyz.com]]>
              </value>
            </param>
            <param index="1">
              <value>
                <![CDATA[admin@123]]>
              </value>
            </param>
          </params>
          <exception class="java.lang.AssertionError">
            <message>
              <![CDATA[expected [true] but found [false]]]>
            </message>
            <full-stacktrace>
              <![CDATA[java.lang.AssertionError: expected [true] but found [false]
at org.testng.Assert.fail(Assert.java:110)
at org.testng.Assert.failNotEquals(Assert.java:1413)
at org.testng.Assert.assertEqualsImpl(Assert.java:149)
at org.testng.Assert.assertEquals(Assert.java:131)
at org.testng.Assert.assertEquals(Assert.java:976)
at org.testng.Assert.assertEquals(Assert.java:1010)
at com.testcases.LoginPageTest.login(LoginPageTest.java:53)
at java.base/jdk.internal.reflect.NativeMethodAccessorImpl.invoke0(Native Method)
at java.base/jdk.internal.reflect.NativeMethodAccessorImpl.invoke(NativeMethodAccessorImpl.java:77)
at java.base/jdk.internal.reflect.DelegatingMethodAccessorImpl.invoke(DelegatingMethodAccessorImpl.java:43)
at java.base/java.lang.reflect.Method.invoke(Method.java:568)
at org.testng.internal.invokers.MethodInvocationHelper.invokeMethod(MethodInvocationHelper.java:135)
at org.testng.internal.invokers.TestInvoker.invokeMethod(TestInvoker.java:673)
at org.testng.internal.invokers.TestInvoker.retryFailed(TestInvoker.java:262)
at org.testng.internal.invokers.MethodRunner.runInSequence(MethodRunner.java:62)
at org.testng.internal.invokers.TestInvoker$MethodInvocationAgent.invoke(TestInvoker.java:945)
at org.testng.internal.invokers.TestInvoker.invokeTestMethods(TestInvoker.java:193)
at org.testng.internal.invokers.TestMethodWorker.invokeTestMethods(TestMethodWorker.java:146)
at org.testng.internal.invokers.TestMethodWorker.run(TestMethodWorker.java:128)
at java.base/java.util.concurrent.ThreadPoolExecutor.runWorker(ThreadPoolExecutor.java:1136)
at java.base/java.util.concurrent.ThreadPoolExecutor$Worker.run(ThreadPoolExecutor.java:635)
at java.base/java.lang.Thread.run(Thread.java:833)
]]>
            </full-stacktrace>
          </exception> <!-- java.lang.AssertionError -->
          <reporter-output>
          </reporter-output>
        </test-method> <!-- login -->
        <test-method is-config="true" signature="tearDown()[pri:0, instance:com.testcases.LoginPageTest@1be2019a]" started-at="2022-05-18T15:40:41 IST" name="tearDown" finished-at="2022-05-18T15:40:44 IST" duration-ms="3008" status="PASS">
          <reporter-output>
          </reporter-output>
        </test-method> <!-- tearDown -->
        <test-method is-config="true" signature="browsersetup(java.lang.String,org.testng.ITestResult,org.testng.ITestContext)[pri:0, instance:com.testcases.LoginPageTest@1be2019a]" started-at="2022-05-18T15:40:45 IST" name="browsersetup" finished-at="2022-05-18T15:41:01 IST" duration-ms="16838" status="PASS">
          <params>
            <param index="0">
              <value>
                <![CDATA[chrome]]>
              </value>
            </param>
            <param index="1">
              <value>
                <![CDATA[[TestResult name={null} status=CREATED method=LoginPageTest.login(java.lang.String,java.lang.String)[pri:0, instance:com.testcases.LoginPageTest@1be2019a] output={null}]]]>
              </value>
            </param>
            <param index="2">
              <value>
                <![CDATA[org.testng.TestRunner@49096b06]]>
              </value>
            </param>
          </params>
          <reporter-output>
          </reporter-output>
        </test-method> <!-- browsersetup -->
        <test-method signature="login(java.lang.String,java.lang.String)[pri:0, instance:com.testcases.LoginPageTest@1be2019a]" started-at="2022-05-18T15:41:01 IST" name="login" data-provider="credentials" finished-at="2022-05-18T15:41:22 IST" duration-ms="20846" status="FAIL">
          <params>
            <param index="0">
              <value>
                <![CDATA[admin@xyz.com]]>
              </value>
            </param>
            <param index="1">
              <value>
                <![CDATA[admin@123]]>
              </value>
            </param>
          </params>
          <exception class="java.lang.AssertionError">
            <message>
              <![CDATA[expected [true] but found [false]]]>
            </message>
            <full-stacktrace>
              <![CDATA[java.lang.AssertionError: expected [true] but found [false]
at org.testng.Assert.fail(Assert.java:110)
at org.testng.Assert.failNotEquals(Assert.java:1413)
at org.testng.Assert.assertEqualsImpl(Assert.java:149)
at org.testng.Assert.assertEquals(Assert.java:131)
at org.testng.Assert.assertEquals(Assert.java:976)
at org.testng.Assert.assertEquals(Assert.java:1010)
at com.testcases.LoginPageTest.login(LoginPageTest.java:53)
at java.base/jdk.internal.reflect.NativeMethodAccessorImpl.invoke0(Native Method)
at java.base/jdk.internal.reflect.NativeMethodAccessorImpl.invoke(NativeMethodAccessorImpl.java:77)
at java.base/jdk.internal.reflect.DelegatingMethodAccessorImpl.invoke(DelegatingMethodAccessorImpl.java:43)
at java.base/java.lang.reflect.Method.invoke(Method.java:568)
at org.testng.internal.invokers.MethodInvocationHelper.invokeMethod(MethodInvocationHelper.java:135)
at org.testng.internal.invokers.TestInvoker.invokeMethod(TestInvoker.java:673)
at org.testng.internal.invokers.TestInvoker.retryFailed(TestInvoker.java:262)
at org.testng.internal.invokers.MethodRunner.runInSequence(MethodRunner.java:62)
at org.testng.internal.invokers.TestInvoker$MethodInvocationAgent.invoke(TestInvoker.java:945)
at org.testng.internal.invokers.TestInvoker.invokeTestMethods(TestInvoker.java:193)
at org.testng.internal.invokers.TestMethodWorker.invokeTestMethods(TestMethodWorker.java:146)
at org.testng.internal.invokers.TestMethodWorker.run(TestMethodWorker.java:128)
at java.base/java.util.concurrent.ThreadPoolExecutor.runWorker(ThreadPoolExecutor.java:1136)
at java.base/java.util.concurrent.ThreadPoolExecutor$Worker.run(ThreadPoolExecutor.java:635)
at java.base/java.lang.Thread.run(Thread.java:833)
]]>
            </full-stacktrace>
          </exception> <!-- java.lang.AssertionError -->
          <reporter-output>
          </reporter-output>
        </test-method> <!-- login -->
        <test-method is-config="true" signature="tearDown()[pri:0, instance:com.testcases.LoginPageTest@1be2019a]" started-at="2022-05-18T15:41:23 IST" name="tearDown" finished-at="2022-05-18T15:41:24 IST" duration-ms="671" status="PASS">
          <reporter-output>
          </reporter-output>
        </test-method> <!-- tearDown -->
      </class> <!-- com.testcases.LoginPageTest -->
      <class name="com.testcases.HomePageTest">
        <test-method is-config="true" signature="browsersetup(java.lang.String,org.testng.ITestResult,org.testng.ITestContext)[pri:0, instance:com.testcases.HomePageTest@5db6b9cd]" started-at="2022-05-18T15:38:33 IST" name="browsersetup" finished-at="2022-05-18T15:38:46 IST" duration-ms="13256" status="PASS">
          <params>
            <param index="0">
              <value>
                <![CDATA[chrome]]>
              </value>
            </param>
            <param index="1">
              <value>
                <![CDATA[[TestResult name={null} status=CREATED method=HomePageTest.verifyOrderHistory()[pri:0, instance:com.testcases.HomePageTest@5db6b9cd] output={null}]]]>
              </value>
            </param>
            <param index="2">
              <value>
                <![CDATA[org.testng.TestRunner@49096b06]]>
              </value>
            </param>
          </params>
          <reporter-output>
          </reporter-output>
        </test-method> <!-- browsersetup -->
        <test-method is-config="true" signature="browsersetup(java.lang.String,org.testng.ITestResult,org.testng.ITestContext)[pri:0, instance:com.testcases.HomePageTest@5db6b9cd]" started-at="2022-05-18T15:38:33 IST" name="browsersetup" finished-at="2022-05-18T15:38:46 IST" duration-ms="13084" status="PASS">
          <params>
            <param index="0">
              <value>
                <![CDATA[chrome]]>
              </value>
            </param>
            <param index="1">
              <value>
                <![CDATA[[TestResult name={null} status=CREATED method=HomePageTest.verifyWhishList()[pri:0, instance:com.testcases.HomePageTest@5db6b9cd] output={null}]]]>
              </value>
            </param>
            <param index="2">
              <value>
                <![CDATA[org.testng.TestRunner@49096b06]]>
              </value>
            </param>
          </params>
          <reporter-output>
          </reporter-output>
        </test-method> <!-- browsersetup -->
        <test-method signature="verifyOrderHistory()[pri:0, instance:com.testcases.HomePageTest@5db6b9cd]" started-at="2022-05-18T15:38:46 IST" name="verifyOrderHistory" finished-at="2022-05-18T15:39:00 IST" duration-ms="14224" status="PASS">
          <reporter-output>
          </reporter-output>
        </test-method> <!-- verifyOrderHistory -->
        <test-method signature="verifyWhishList()[pri:0, instance:com.testcases.HomePageTest@5db6b9cd]" started-at="2022-05-18T15:38:46 IST" name="verifyWhishList" finished-at="2022-05-18T15:39:00 IST" duration-ms="14384" status="PASS">
          <reporter-output>
          </reporter-output>
        </test-method> <!-- verifyWhishList -->
        <test-method is-config="true" signature="tearDown()[pri:0, instance:com.testcases.HomePageTest@5db6b9cd]" started-at="2022-05-18T15:39:00 IST" name="tearDown" finished-at="2022-05-18T15:39:01 IST" duration-ms="309" status="PASS">
          <reporter-output>
          </reporter-output>
        </test-method> <!-- tearDown -->
        <test-method is-config="true" signature="tearDown()[pri:0, instance:com.testcases.HomePageTest@5db6b9cd]" started-at="2022-05-18T15:39:01 IST" name="tearDown" finished-at="2022-05-18T15:39:01 IST" duration-ms="254" status="PASS">
          <reporter-output>
          </reporter-output>
        </test-method> <!-- tearDown -->
      </class> <!-- com.testcases.HomePageTest -->
      <class name="com.testcases.SearchResultsTest">
        <test-method is-config="true" signature="browsersetup(java.lang.String,org.testng.ITestResult,org.testng.ITestContext)[pri:0, instance:com.testcases.SearchResultsTest@20b2475a]" started-at="2022-05-18T15:39:01 IST" name="browsersetup" finished-at="2022-05-18T15:39:13 IST" duration-ms="12112" status="PASS">
          <params>
            <param index="0">
              <value>
                <![CDATA[chrome]]>
              </value>
            </param>
            <param index="1">
              <value>
                <![CDATA[[TestResult name={null} status=CREATED method=SearchResultsTest.verifySearchProduct()[pri:0, instance:com.testcases.SearchResultsTest@20b2475a] output={null}]]]>
              </value>
            </param>
            <param index="2">
              <value>
                <![CDATA[org.testng.TestRunner@49096b06]]>
              </value>
            </param>
          </params>
          <reporter-output>
          </reporter-output>
        </test-method> <!-- browsersetup -->
        <test-method signature="verifySearchProduct()[pri:0, instance:com.testcases.SearchResultsTest@20b2475a]" started-at="2022-05-18T15:39:13 IST" name="verifySearchProduct" finished-at="2022-05-18T15:39:26 IST" duration-ms="13712" status="PASS">
          <reporter-output>
          </reporter-output>
        </test-method> <!-- verifySearchProduct -->
        <test-method is-config="true" signature="tearDown()[pri:0, instance:com.testcases.SearchResultsTest@20b2475a]" started-at="2022-05-18T15:39:28 IST" name="tearDown" finished-at="2022-05-18T15:39:29 IST" duration-ms="1281" status="PASS">
          <reporter-output>
          </reporter-output>
        </test-method> <!-- tearDown -->
      </class> <!-- com.testcases.SearchResultsTest -->
      <class name="com.testcases.Indexpagetest">
        <test-method is-config="true" signature="loadConfig(org.testng.ITestContext)[pri:0, instance:com.testcases.Indexpagetest@6b09fb41]" started-at="2022-05-18T15:38:16 IST" name="loadConfig" finished-at="2022-05-18T15:38:17 IST" duration-ms="400" status="PASS">
          <params>
            <param index="0">
              <value>
                <![CDATA[org.testng.TestRunner@49096b06]]>
              </value>
            </param>
          </params>
          <reporter-output>
          </reporter-output>
        </test-method> <!-- loadConfig -->
        <test-method is-config="true" signature="browsersetup(java.lang.String,org.testng.ITestResult,org.testng.ITestContext)[pri:0, instance:com.testcases.Indexpagetest@6b09fb41]" started-at="2022-05-18T15:38:17 IST" name="browsersetup" finished-at="2022-05-18T15:38:32 IST" duration-ms="14834" status="PASS">
          <params>
            <param index="0">
              <value>
                <![CDATA[chrome]]>
              </value>
            </param>
            <param index="1">
              <value>
                <![CDATA[[TestResult name={null} status=CREATED method=Indexpagetest.verifylogo()[pri:0, instance:com.testcases.Indexpagetest@6b09fb41] output={null}]]]>
              </value>
            </param>
            <param index="2">
              <value>
                <![CDATA[org.testng.TestRunner@49096b06]]>
              </value>
            </param>
          </params>
          <reporter-output>
          </reporter-output>
        </test-method> <!-- browsersetup -->
        <test-method is-config="true" signature="browsersetup(java.lang.String,org.testng.ITestResult,org.testng.ITestContext)[pri:0, instance:com.testcases.Indexpagetest@6b09fb41]" started-at="2022-05-18T15:38:17 IST" name="browsersetup" finished-at="2022-05-18T15:38:32 IST" duration-ms="15237" status="PASS">
          <params>
            <param index="0">
              <value>
                <![CDATA[chrome]]>
              </value>
            </param>
            <param index="1">
              <value>
                <![CDATA[[TestResult name={null} status=CREATED method=Indexpagetest.verifyTitle()[pri:0, instance:com.testcases.Indexpagetest@6b09fb41] output={null}]]]>
              </value>
            </param>
            <param index="2">
              <value>
                <![CDATA[org.testng.TestRunner@49096b06]]>
              </value>
            </param>
          </params>
          <reporter-output>
          </reporter-output>
        </test-method> <!-- browsersetup -->
        <test-method signature="verifylogo()[pri:0, instance:com.testcases.Indexpagetest@6b09fb41]" started-at="2022-05-18T15:38:32 IST" name="verifylogo" finished-at="2022-05-18T15:38:32 IST" duration-ms="170" status="PASS">
          <reporter-output>
          </reporter-output>
        </test-method> <!-- verifylogo -->
        <test-method signature="verifyTitle()[pri:0, instance:com.testcases.Indexpagetest@6b09fb41]" started-at="2022-05-18T15:38:32 IST" name="verifyTitle" finished-at="2022-05-18T15:38:32 IST" duration-ms="15" status="PASS">
          <reporter-output>
          </reporter-output>
        </test-method> <!-- verifyTitle -->
        <test-method is-config="true" signature="tearDown()[pri:0, instance:com.testcases.Indexpagetest@6b09fb41]" started-at="2022-05-18T15:38:32 IST" name="tearDown" finished-at="2022-05-18T15:38:33 IST" duration-ms="252" status="PASS">
          <reporter-output>
          </reporter-output>
        </test-method> <!-- tearDown -->
        <test-method is-config="true" signature="tearDown()[pri:0, instance:com.testcases.Indexpagetest@6b09fb41]" started-at="2022-05-18T15:38:33 IST" name="tearDown" finished-at="2022-05-18T15:38:33 IST" duration-ms="254" status="PASS">
          <reporter-output>
          </reporter-output>
        </test-method> <!-- tearDown -->
        <test-method is-config="true" signature="generateReports()[pri:0, instance:com.testcases.Indexpagetest@6b09fb41]" started-at="2022-05-18T15:41:24 IST" name="generateReports" finished-at="2022-05-18T15:41:29 IST" duration-ms="4623" status="PASS">
          <reporter-output>
          </reporter-output>
        </test-method> <!-- generateReports -->
      </class> <!-- com.testcases.Indexpagetest -->
    </test> <!-- Test -->
  </suite> <!-- Suite -->
</testng-results>
